# JRE version: OpenJDK Runtime Environment (17.0.6) (build 17.0.6+0-b2043.56-9586694)
# Java VM: OpenJDK 64-Bit Server VM (17.0.6+0-b2043.56-9586694, mixed mode, tiered, compressed oops, compressed class ptrs, g1 gc, windows-amd64)
GC Precious Log:
 CPUs: 6 total, 6 available
 Memory: 16326M
 Large Page Support: Disabled
 NUMA Support: Disabled
 Compressed Oops: Enabled (32-bit)
 Heap Region Size: 1M
 Heap Min Capacity: 8M
 Heap Initial Capacity: 256M
 Heap Max Capacity: 2G
 Pre-touch: Disabled
 Parallel Workers: 6
 Concurrent Workers: 2
 Concurrent Refinement Workers: 6
 Periodic GC: Disabled
Heap:
 garbage-first heap   total 493568K, used 262742K [0x0000000080000000, 0x0000000100000000)
  region size 1024K, 10 young (10240K), 10 survivors (10240K)
 Metaspace       used 150654K, committed 152192K, reserved 1187840K
  class space    used 19825K, committed 20544K, reserved 1048576K
GC Heap History (20 events):
Event: 4521.527 GC heap after
{Heap after GC invocations=119 (full 0):
 garbage-first heap   total 450560K, used 239198K [0x0000000080000000, 0x0000000100000000)
  region size 1024K, 2 young (2048K), 2 survivors (2048K)
 Metaspace       used 134447K, committed 136000K, reserved 1171456K
  class space    used 17507K, committed 18240K, reserved 1048576K
}
Event: 4521.902 GC heap before
{Heap before GC invocations=119 (full 0):
 garbage-first heap   total 450560K, used 393822K [0x0000000080000000, 0x0000000100000000)
  region size 1024K, 150 young (153600K), 2 survivors (2048K)
 Metaspace       used 136281K, committed 137792K, reserved 1171456K
  class space    used 17774K, committed 18496K, reserved 1048576K
}
Event: 4521.904 GC heap after
{Heap after GC invocations=120 (full 0):
 garbage-first heap   total 450560K, used 239176K [0x0000000080000000, 0x0000000100000000)
  region size 1024K, 2 young (2048K), 2 survivors (2048K)
 Metaspace       used 136281K, committed 137792K, reserved 1171456K
  class space    used 17774K, committed 18496K, reserved 1048576K
}
Event: 4522.092 GC heap before
{Heap before GC invocations=120 (full 0):
 garbage-first heap   total 450560K, used 320072K [0x0000000080000000, 0x0000000100000000)
  region size 1024K, 83 young (84992K), 2 survivors (2048K)
 Metaspace       used 138601K, committed 140032K, reserved 1171456K
  class space    used 18077K, committed 18752K, reserved 1048576K
}
Event: 4522.095 GC heap after
{Heap after GC invocations=121 (full 0):
 garbage-first heap   total 450560K, used 241056K [0x0000000080000000, 0x0000000100000000)
  region size 1024K, 4 young (4096K), 4 survivors (4096K)
 Metaspace       used 138601K, committed 140032K, reserved 1171456K
  class space    used 18077K, committed 18752K, reserved 1048576K
}
Event: 4522.435 GC heap before
{Heap before GC invocations=122 (full 0):
 garbage-first heap   total 450560K, used 394656K [0x0000000080000000, 0x0000000100000000)
  region size 1024K, 153 young (156672K), 4 survivors (4096K)
 Metaspace       used 141630K, committed 143168K, reserved 1179648K
  class space    used 18476K, committed 19200K, reserved 1048576K
}
Event: 4522.447 GC heap after
{Heap after GC invocations=123 (full 0):
 garbage-first heap   total 450560K, used 241955K [0x0000000080000000, 0x0000000100000000)
  region size 1024K, 5 young (5120K), 5 survivors (5120K)
 Metaspace       used 141630K, committed 143168K, reserved 1179648K
  class space    used 18476K, committed 19200K, reserved 1048576K
}
Event: 4522.469 GC heap before
{Heap before GC invocations=123 (full 0):
 garbage-first heap   total 450560K, used 259363K [0x0000000080000000, 0x0000000100000000)
  region size 1024K, 22 young (22528K), 5 survivors (5120K)
 Metaspace       used 141636K, committed 143168K, reserved 1179648K
  class space    used 18476K, committed 19200K, reserved 1048576K
}
Event: 4522.486 GC heap after
{Heap after GC invocations=124 (full 0):
 garbage-first heap   total 450560K, used 239374K [0x0000000080000000, 0x0000000100000000)
  region size 1024K, 1 young (1024K), 1 survivors (1024K)
 Metaspace       used 141636K, committed 143168K, reserved 1179648K
  class space    used 18476K, committed 19200K, reserved 1048576K
}
Event: 4522.743 GC heap before
{Heap before GC invocations=124 (full 0):
 garbage-first heap   total 450560K, used 392974K [0x0000000080000000, 0x0000000100000000)
  region size 1024K, 152 young (155648K), 1 survivors (1024K)
 Metaspace       used 145054K, committed 146560K, reserved 1179648K
  class space    used 19013K, committed 19712K, reserved 1048576K
}
Event: 4522.754 GC heap after
{Heap after GC invocations=125 (full 0):
 garbage-first heap   total 450560K, used 243877K [0x0000000080000000, 0x0000000100000000)
  region size 1024K, 6 young (6144K), 6 survivors (6144K)
 Metaspace       used 145054K, committed 146560K, reserved 1179648K
  class space    used 19013K, committed 19712K, reserved 1048576K
}
Event: 4523.124 GC heap before
{Heap before GC invocations=125 (full 0):
 garbage-first heap   total 450560K, used 391333K [0x0000000080000000, 0x0000000100000000)
  region size 1024K, 151 young (154624K), 6 survivors (6144K)
 Metaspace       used 147626K, committed 149184K, reserved 1179648K
  class space    used 19419K, committed 20160K, reserved 1048576K
}
Event: 4523.131 GC heap after
{Heap after GC invocations=126 (full 0):
 garbage-first heap   total 450560K, used 252830K [0x0000000080000000, 0x0000000100000000)
  region size 1024K, 14 young (14336K), 14 survivors (14336K)
 Metaspace       used 147626K, committed 149184K, reserved 1179648K
  class space    used 19419K, committed 20160K, reserved 1048576K
}
Event: 4523.563 GC heap before
{Heap before GC invocations=126 (full 0):
 garbage-first heap   total 450560K, used 386974K [0x0000000080000000, 0x0000000100000000)
  region size 1024K, 146 young (149504K), 14 survivors (14336K)
 Metaspace       used 149888K, committed 151360K, reserved 1187840K
  class space    used 19794K, committed 20480K, reserved 1048576K
}
Event: 4523.578 GC heap after
{Heap after GC invocations=127 (full 0):
 garbage-first heap   total 450560K, used 256907K [0x0000000080000000, 0x0000000100000000)
  region size 1024K, 6 young (6144K), 6 survivors (6144K)
 Metaspace       used 149888K, committed 151360K, reserved 1187840K
  class space    used 19794K, committed 20480K, reserved 1048576K
}
Event: 4523.870 GC heap before
{Heap before GC invocations=128 (full 0):
 garbage-first heap   total 493568K, used 385931K [0x0000000080000000, 0x0000000100000000)
  region size 1024K, 133 young (136192K), 6 survivors (6144K)
 Metaspace       used 150096K, committed 151680K, reserved 1187840K
  class space    used 19811K, committed 20544K, reserved 1048576K
}
Event: 4523.873 GC heap after
{Heap after GC invocations=129 (full 0):
 garbage-first heap   total 493568K, used 257411K [0x0000000080000000, 0x0000000100000000)
  region size 1024K, 7 young (7168K), 7 survivors (7168K)
 Metaspace       used 150096K, committed 151680K, reserved 1187840K
  class space    used 19811K, committed 20544K, reserved 1048576K
}
Event: 4523.893 GC heap before
{Heap before GC invocations=129 (full 0):
 garbage-first heap   total 493568K, used 274819K [0x0000000080000000, 0x0000000100000000)
  region size 1024K, 24 young (24576K), 7 survivors (7168K)
 Metaspace       used 150105K, committed 151680K, reserved 1187840K
  class space    used 19812K, committed 20544K, reserved 1048576K
}
Event: 4523.905 GC heap after
{Heap after GC invocations=130 (full 0):
 garbage-first heap   total 493568K, used 254583K [0x0000000080000000, 0x0000000100000000)
  region size 1024K, 2 young (2048K), 2 survivors (2048K)
 Metaspace       used 150105K, committed 151680K, reserved 1187840K
  class space    used 19812K, committed 20544K, reserved 1048576K
}
Event: 4524.167 GC heap before
{Heap before GC invocations=130 (full 0):
 garbage-first heap   total 493568K, used 421495K [0x0000000080000000, 0x0000000100000000)
  region size 1024K, 166 young (169984K), 2 survivors (2048K)
 Metaspace       used 150654K, committed 152192K, reserved 1187840K
  class space    used 19825K, committed 20544K, reserved 1048576K
}

